<?xml version="1.0" encoding="UTF-8"?>
<testng-results ignored="0" total="1" passed="1" failed="0" skipped="0">
  <reporter-output>
  </reporter-output>
  <suite started-at="2022-10-13T15:14:23 IST" name="Suite" finished-at="2022-10-13T15:15:44 IST" duration-ms="81663">
    <groups>
    </groups>
    <test started-at="2022-10-13T15:14:23 IST" name="Pixel4" finished-at="2022-10-13T15:15:44 IST" duration-ms="81663">
      <class name="com.qa.tests.HomeTests">
        <test-method is-config="true" signature="beforeSuite()[pri:0, instance:com.qa.tests.HomeTests@645aa696]" started-at="2022-10-13T15:14:20 IST" name="beforeSuite" finished-at="2022-10-13T15:14:23 IST" duration-ms="2240" status="PASS">
          <reporter-output>
          </reporter-output>
        </test-method> <!-- beforeSuite -->
        <test-method is-config="true" signature="beforeTest(java.lang.String,java.lang.String,java.lang.String,java.lang.String,java.lang.String,java.lang.String,java.lang.String,java.lang.String)[pri:0, instance:com.qa.tests.HomeTests@645aa696]" started-at="2022-10-13T15:14:23 IST" name="beforeTest" finished-at="2022-10-13T15:14:46 IST" duration-ms="22966" status="PASS">
          <params>
            <param index="0">
              <value>
                <![CDATA[true]]>
              </value>
            </param>
            <param index="1">
              <value>
                <![CDATA[Android]]>
              </value>
            </param>
            <param index="2">
              <value>
                <![CDATA[ZD2224NTKG]]>
              </value>
            </param>
            <param index="3">
              <value>
                <![CDATA[Pixel4]]>
              </value>
            </param>
            <param index="4">
              <value>
                <![CDATA[10000]]>
              </value>
            </param>
            <param index="5">
              <value>
                <![CDATA[11000]]>
              </value>
            </param>
            <param index="6">
              <value>
                <![CDATA[iOSOnly]]>
              </value>
            </param>
            <param index="7">
              <value>
                <![CDATA[iOSOnly]]>
              </value>
            </param>
          </params>
          <reporter-output>
          </reporter-output>
        </test-method> <!-- beforeTest -->
        <test-method is-config="true" signature="beforeClass()[pri:0, instance:com.qa.tests.HomeTests@645aa696]" started-at="2022-10-13T15:14:46 IST" name="beforeClass" finished-at="2022-10-13T15:14:46 IST" duration-ms="28" status="PASS">
          <reporter-output>
          </reporter-output>
        </test-method> <!-- beforeClass -->
        <test-method is-config="true" signature="beforeMethod()[pri:0, instance:com.qa.tests.HomeTests@645aa696]" started-at="2022-10-13T15:14:46 IST" name="beforeMethod" finished-at="2022-10-13T15:15:03 IST" duration-ms="17617" status="PASS">
          <reporter-output>
          </reporter-output>
        </test-method> <!-- beforeMethod -->
        <test-method is-config="true" signature="beforeMethod(java.lang.reflect.Method)[pri:0, instance:com.qa.tests.HomeTests@645aa696]" started-at="2022-10-13T15:15:03 IST" name="beforeMethod" finished-at="2022-10-13T15:15:03 IST" duration-ms="158" status="PASS">
          <params>
            <param index="0">
              <value>
                <![CDATA[public void com.qa.tests.HomeTests.Hometesting() throws java.lang.Exception]]>
              </value>
            </param>
          </params>
          <reporter-output>
          </reporter-output>
        </test-method> <!-- beforeMethod -->
        <test-method signature="Hometesting()[pri:0, instance:com.qa.tests.HomeTests@645aa696]" started-at="2022-10-13T15:15:03 IST" name="Hometesting" finished-at="2022-10-13T15:15:43 IST" duration-ms="39197" status="PASS">
          <reporter-output>
          </reporter-output>
        </test-method> <!-- Hometesting -->
        <test-method is-config="true" signature="afterMethod(org.testng.ITestResult)[pri:0, instance:com.qa.tests.HomeTests@645aa696]" started-at="2022-10-13T15:15:43 IST" name="afterMethod" finished-at="2022-10-13T15:15:44 IST" duration-ms="1330" status="PASS">
          <params>
            <param index="0">
              <value>
                <![CDATA[[TestResult name=Hometesting status=SUCCESS method=HomeTests.Hometesting()[pri:0, instance:com.qa.tests.HomeTests@645aa696] output={null}]]]>
              </value>
            </param>
          </params>
          <reporter-output>
          </reporter-output>
        </test-method> <!-- afterMethod -->
        <test-method is-config="true" signature="afterMethod()[pri:0, instance:com.qa.tests.HomeTests@645aa696]" started-at="2022-10-13T15:15:43 IST" name="afterMethod" finished-at="2022-10-13T15:15:43 IST" duration-ms="0" status="PASS">
          <reporter-output>
          </reporter-output>
        </test-method> <!-- afterMethod -->
        <test-method is-config="true" signature="afterClass()[pri:0, instance:com.qa.tests.HomeTests@645aa696]" started-at="2022-10-13T15:15:44 IST" name="afterClass" finished-at="2022-10-13T15:15:44 IST" duration-ms="0" status="PASS">
          <reporter-output>
          </reporter-output>
        </test-method> <!-- afterClass -->
        <test-method is-config="true" signature="afterTest()[pri:0, instance:com.qa.tests.HomeTests@645aa696]" started-at="2022-10-13T15:15:44 IST" name="afterTest" finished-at="2022-10-13T15:15:44 IST" duration-ms="334" status="PASS">
          <reporter-output>
          </reporter-output>
        </test-method> <!-- afterTest -->
        <test-method is-config="true" signature="afterSuite()[pri:0, instance:com.qa.tests.HomeTests@645aa696]" started-at="2022-10-13T15:15:45 IST" name="afterSuite" finished-at="2022-10-13T15:15:45 IST" duration-ms="65" status="PASS">
          <reporter-output>
          </reporter-output>
        </test-method> <!-- afterSuite -->
      </class> <!-- com.qa.tests.HomeTests -->
    </test> <!-- Pixel4 -->
  </suite> <!-- Suite -->
</testng-results>
